# JRE version: OpenJDK Runtime Environment Temurin-17.0.12+7 (17.0.12+7) (build 17.0.12+7)
# Java VM: OpenJDK 64-Bit Server VM Temurin-17.0.12+7 (17.0.12+7, mixed mode, emulated-client, tiered, compressed oops, compressed class ptrs, g1 gc, windows-amd64)
GC Precious Log:
 CPUs: 8 total, 8 available
 Memory: 7677M
 Large Page Support: Disabled
 NUMA Support: Disabled
 Compressed Oops: Enabled (32-bit)
 Heap Region Size: 1M
 Heap Min Capacity: 8M
 Heap Initial Capacity: 120M
 Heap Max Capacity: 1G
 Pre-touch: Disabled
 Parallel Workers: 8
 Concurrent Workers: 2
 Concurrent Refinement Workers: 8
 Periodic GC: Disabled
Heap:
 garbage-first heap   total 111616K, used 41151K [0x00000000c0000000, 0x0000000100000000)
  region size 1024K, 1 young (1024K), 0 survivors (0K)
 Metaspace       used 61531K, committed 62016K, reserved 1114112K
  class space    used 7769K, committed 8000K, reserved 1048576K
GC Heap History (20 events):
Event: 7653.997 GC heap after
{Heap after GC invocations=740 (full 627):
 garbage-first heap   total 111616K, used 41151K [0x00000000c0000000, 0x0000000100000000)
  region size 1024K, 0 young (0K), 0 survivors (0K)
 Metaspace       used 61531K, committed 62016K, reserved 1114112K
  class space    used 7769K, committed 8000K, reserved 1048576K
}
Event: 7664.407 GC heap before
{Heap before GC invocations=740 (full 627):
 garbage-first heap   total 111616K, used 41151K [0x00000000c0000000, 0x0000000100000000)
  region size 1024K, 1 young (1024K), 0 survivors (0K)
 Metaspace       used 61531K, committed 62016K, reserved 1114112K
  class space    used 7769K, committed 8000K, reserved 1048576K
}
Event: 7664.471 GC heap after
{Heap after GC invocations=741 (full 628):
 garbage-first heap   total 111616K, used 41151K [0x00000000c0000000, 0x0000000100000000)
  region size 1024K, 0 young (0K), 0 survivors (0K)
 Metaspace       used 61531K, committed 62016K, reserved 1114112K
  class space    used 7769K, committed 8000K, reserved 1048576K
}
Event: 7674.706 GC heap before
{Heap before GC invocations=741 (full 628):
 garbage-first heap   total 111616K, used 41151K [0x00000000c0000000, 0x0000000100000000)
  region size 1024K, 1 young (1024K), 0 survivors (0K)
 Metaspace       used 61531K, committed 62016K, reserved 1114112K
  class space    used 7769K, committed 8000K, reserved 1048576K
}
Event: 7674.770 GC heap after
{Heap after GC invocations=742 (full 629):
 garbage-first heap   total 111616K, used 41151K [0x00000000c0000000, 0x0000000100000000)
  region size 1024K, 0 young (0K), 0 survivors (0K)
 Metaspace       used 61531K, committed 62016K, reserved 1114112K
  class space    used 7769K, committed 8000K, reserved 1048576K
}
Event: 7685.276 GC heap before
{Heap before GC invocations=742 (full 629):
 garbage-first heap   total 111616K, used 41151K [0x00000000c0000000, 0x0000000100000000)
  region size 1024K, 1 young (1024K), 0 survivors (0K)
 Metaspace       used 61531K, committed 62016K, reserved 1114112K
  class space    used 7769K, committed 8000K, reserved 1048576K
}
Event: 7685.351 GC heap after
{Heap after GC invocations=743 (full 630):
 garbage-first heap   total 111616K, used 41151K [0x00000000c0000000, 0x0000000100000000)
  region size 1024K, 0 young (0K), 0 survivors (0K)
 Metaspace       used 61531K, committed 62016K, reserved 1114112K
  class space    used 7769K, committed 8000K, reserved 1048576K
}
Event: 7695.640 GC heap before
{Heap before GC invocations=743 (full 630):
 garbage-first heap   total 111616K, used 41151K [0x00000000c0000000, 0x0000000100000000)
  region size 1024K, 1 young (1024K), 0 survivors (0K)
 Metaspace       used 61531K, committed 62016K, reserved 1114112K
  class space    used 7769K, committed 8000K, reserved 1048576K
}
Event: 7695.715 GC heap after
{Heap after GC invocations=744 (full 631):
 garbage-first heap   total 111616K, used 41151K [0x00000000c0000000, 0x0000000100000000)
  region size 1024K, 0 young (0K), 0 survivors (0K)
 Metaspace       used 61531K, committed 62016K, reserved 1114112K
  class space    used 7769K, committed 8000K, reserved 1048576K
}
Event: 7705.990 GC heap before
{Heap before GC invocations=744 (full 631):
 garbage-first heap   total 111616K, used 41151K [0x00000000c0000000, 0x0000000100000000)
  region size 1024K, 1 young (1024K), 0 survivors (0K)
 Metaspace       used 61531K, committed 62016K, reserved 1114112K
  class space    used 7769K, committed 8000K, reserved 1048576K
}
Event: 7706.061 GC heap after
{Heap after GC invocations=745 (full 632):
 garbage-first heap   total 111616K, used 41151K [0x00000000c0000000, 0x0000000100000000)
  region size 1024K, 0 young (0K), 0 survivors (0K)
 Metaspace       used 61531K, committed 62016K, reserved 1114112K
  class space    used 7769K, committed 8000K, reserved 1048576K
}
Event: 7716.603 GC heap before
{Heap before GC invocations=745 (full 632):
 garbage-first heap   total 111616K, used 41151K [0x00000000c0000000, 0x0000000100000000)
  region size 1024K, 1 young (1024K), 0 survivors (0K)
 Metaspace       used 61531K, committed 62016K, reserved 1114112K
  class space    used 7769K, committed 8000K, reserved 1048576K
}
Event: 7716.675 GC heap after
{Heap after GC invocations=746 (full 633):
 garbage-first heap   total 111616K, used 41151K [0x00000000c0000000, 0x0000000100000000)
  region size 1024K, 0 young (0K), 0 survivors (0K)
 Metaspace       used 61531K, committed 62016K, reserved 1114112K
  class space    used 7769K, committed 8000K, reserved 1048576K
}
Event: 7727.009 GC heap before
{Heap before GC invocations=746 (full 633):
 garbage-first heap   total 111616K, used 41151K [0x00000000c0000000, 0x0000000100000000)
  region size 1024K, 1 young (1024K), 0 survivors (0K)
 Metaspace       used 61531K, committed 62016K, reserved 1114112K
  class space    used 7769K, committed 8000K, reserved 1048576K
}
Event: 7727.077 GC heap after
{Heap after GC invocations=747 (full 634):
 garbage-first heap   total 111616K, used 41151K [0x00000000c0000000, 0x0000000100000000)
  region size 1024K, 0 young (0K), 0 survivors (0K)
 Metaspace       used 61531K, committed 62016K, reserved 1114112K
  class space    used 7769K, committed 8000K, reserved 1048576K
}
Event: 7737.325 GC heap before
{Heap before GC invocations=747 (full 634):
 garbage-first heap   total 111616K, used 41151K [0x00000000c0000000, 0x0000000100000000)
  region size 1024K, 1 young (1024K), 0 survivors (0K)
 Metaspace       used 61531K, committed 62016K, reserved 1114112K
  class space    used 7769K, committed 8000K, reserved 1048576K
}
Event: 7737.390 GC heap after
{Heap after GC invocations=748 (full 635):
 garbage-first heap   total 111616K, used 41151K [0x00000000c0000000, 0x0000000100000000)
  region size 1024K, 0 young (0K), 0 survivors (0K)
 Metaspace       used 61531K, committed 62016K, reserved 1114112K
  class space    used 7769K, committed 8000K, reserved 1048576K
}
Event: 7747.642 GC heap before
{Heap before GC invocations=748 (full 635):
 garbage-first heap   total 111616K, used 41151K [0x00000000c0000000, 0x0000000100000000)
  region size 1024K, 1 young (1024K), 0 survivors (0K)
 Metaspace       used 61531K, committed 62016K, reserved 1114112K
  class space    used 7769K, committed 8000K, reserved 1048576K
}
Event: 7747.720 GC heap after
{Heap after GC invocations=749 (full 636):
 garbage-first heap   total 111616K, used 41151K [0x00000000c0000000, 0x0000000100000000)
  region size 1024K, 0 young (0K), 0 survivors (0K)
 Metaspace       used 61531K, committed 62016K, reserved 1114112K
  class space    used 7769K, committed 8000K, reserved 1048576K
}
Event: 7757.944 GC heap before
{Heap before GC invocations=749 (full 636):
 garbage-first heap   total 111616K, used 41151K [0x00000000c0000000, 0x0000000100000000)
  region size 1024K, 1 young (1024K), 0 survivors (0K)
 Metaspace       used 61531K, committed 62016K, reserved 1114112K
  class space    used 7769K, committed 8000K, reserved 1048576K
}

